# JRE version: OpenJDK Runtime Environment (8.0_242-b01) (build 1.8.0_242-release-1644-b01)
# Java VM: OpenJDK 64-Bit Server VM (25.242-b01 mixed mode windows-amd64 compressed oops)
Heap:
 PSYoungGen      total 218624K, used 83646K [0x00000000e0000000, 0x00000000f0980000, 0x0000000100000000)
  eden space 192000K, 29% used [0x00000000e0000000,0x00000000e37b7898,0x00000000ebb80000)
  from space 26624K, 99% used [0x00000000edf00000,0x00000000ef8f8020,0x00000000ef900000)
  to   space 36352K, 0% used [0x00000000ebb80000,0x00000000ebb80000,0x00000000edf00000)
 ParOldGen       total 201728K, used 53321K [0x00000000a0000000, 0x00000000ac500000, 0x00000000e0000000)
  object space 201728K, 26% used [0x00000000a0000000,0x00000000a34125d8,0x00000000ac500000)
 Metaspace       used 65733K, capacity 69710K, committed 70056K, reserved 1110016K
  class space    used 9072K, capacity 10064K, committed 10152K, reserved 1048576K
GC Heap History (10 events):
Event: 11.858 GC heap before
{Heap before GC invocations=13 (full 2):
 PSYoungGen      total 144896K, used 144881K [0x00000000e0000000, 0x00000000ea480000, 0x0000000100000000)
  eden space 129536K, 100% used [0x00000000e0000000,0x00000000e7e80000,0x00000000e7e80000)
  from space 15360K, 99% used [0x00000000e9000000,0x00000000e9efc638,0x00000000e9f00000)
  to   space 17920K, 0% used [0x00000000e7e80000,0x00000000e7e80000,0x00000000e9000000)
 ParOldGen       total 143872K, used 18802K [0x00000000a0000000, 0x00000000a8c80000, 0x00000000e0000000)
  object space 143872K, 13% used [0x00000000a0000000,0x00000000a125cb40,0x00000000a8c80000)
 Metaspace       used 56799K, capacity 58784K, committed 59048K, reserved 1099776K
  class space    used 7721K, capacity 8258K, committed 8360K, reserved 1048576K
Event: 11.883 GC heap after
Heap after GC invocations=13 (full 2):
 PSYoungGen      total 147456K, used 17899K [0x00000000e0000000, 0x00000000ec680000, 0x0000000100000000)
  eden space 129536K, 0% used [0x00000000e0000000,0x00000000e0000000,0x00000000e7e80000)
  from space 17920K, 99% used [0x00000000e7e80000,0x00000000e8ffad88,0x00000000e9000000)
  to   space 22528K, 0% used [0x00000000eb080000,0x00000000eb080000,0x00000000ec680000)
 ParOldGen       total 143872K, used 26257K [0x00000000a0000000, 0x00000000a8c80000, 0x00000000e0000000)
  object space 143872K, 18% used [0x00000000a0000000,0x00000000a19a46c8,0x00000000a8c80000)
 Metaspace       used 56799K, capacity 58784K, committed 59048K, reserved 1099776K
  class space    used 7721K, capacity 8258K, committed 8360K, reserved 1048576K
}
Event: 12.016 GC heap before
{Heap before GC invocations=14 (full 2):
 PSYoungGen      total 147456K, used 28024K [0x00000000e0000000, 0x00000000ec680000, 0x0000000100000000)
  eden space 129536K, 7% used [0x00000000e0000000,0x00000000e09e3308,0x00000000e7e80000)
  from space 17920K, 99% used [0x00000000e7e80000,0x00000000e8ffad88,0x00000000e9000000)
  to   space 22528K, 0% used [0x00000000eb080000,0x00000000eb080000,0x00000000ec680000)
 ParOldGen       total 143872K, used 26257K [0x00000000a0000000, 0x00000000a8c80000, 0x00000000e0000000)
  object space 143872K, 18% used [0x00000000a0000000,0x00000000a19a46c8,0x00000000a8c80000)
 Metaspace       used 57110K, capacity 59108K, committed 59160K, reserved 1099776K
  class space    used 7785K, capacity 8342K, committed 8360K, reserved 1048576K
Event: 12.041 GC heap after
Heap after GC invocations=14 (full 2):
 PSYoungGen      total 178688K, used 19279K [0x00000000e0000000, 0x00000000ee300000, 0x0000000100000000)
  eden space 156160K, 0% used [0x00000000e0000000,0x00000000e0000000,0x00000000e9880000)
  from space 22528K, 85% used [0x00000000eb080000,0x00000000ec353fe8,0x00000000ec680000)
  to   space 24576K, 0% used [0x00000000e9880000,0x00000000e9880000,0x00000000eb080000)
 ParOldGen       total 143872K, used 26257K [0x00000000a0000000, 0x00000000a8c80000, 0x00000000e0000000)
  object space 143872K, 18% used [0x00000000a0000000,0x00000000a19a46c8,0x00000000a8c80000)
 Metaspace       used 57110K, capacity 59108K, committed 59160K, reserved 1099776K
  class space    used 7785K, capacity 8342K, committed 8360K, reserved 1048576K
}
Event: 12.041 GC heap before
{Heap before GC invocations=15 (full 3):
 PSYoungGen      total 178688K, used 19279K [0x00000000e0000000, 0x00000000ee300000, 0x0000000100000000)
  eden space 156160K, 0% used [0x00000000e0000000,0x00000000e0000000,0x00000000e9880000)
  from space 22528K, 85% used [0x00000000eb080000,0x00000000ec353fe8,0x00000000ec680000)
  to   space 24576K, 0% used [0x00000000e9880000,0x00000000e9880000,0x00000000eb080000)
 ParOldGen       total 143872K, used 26257K [0x00000000a0000000, 0x00000000a8c80000, 0x00000000e0000000)
  object space 143872K, 18% used [0x00000000a0000000,0x00000000a19a46c8,0x00000000a8c80000)
 Metaspace       used 57110K, capacity 59108K, committed 59160K, reserved 1099776K
  class space    used 7785K, capacity 8342K, committed 8360K, reserved 1048576K
Event: 12.484 GC heap after
Heap after GC invocations=15 (full 3):
 PSYoungGen      total 178688K, used 0K [0x00000000e0000000, 0x00000000ee300000, 0x0000000100000000)
  eden space 156160K, 0% used [0x00000000e0000000,0x00000000e0000000,0x00000000e9880000)
  from space 22528K, 0% used [0x00000000eb080000,0x00000000eb080000,0x00000000ec680000)
  to   space 24576K, 0% used [0x00000000e9880000,0x00000000e9880000,0x00000000eb080000)
 ParOldGen       total 201728K, used 37904K [0x00000000a0000000, 0x00000000ac500000, 0x00000000e0000000)
  object space 201728K, 18% used [0x00000000a0000000,0x00000000a2504030,0x00000000ac500000)
 Metaspace       used 57110K, capacity 59108K, committed 59160K, reserved 1099776K
  class space    used 7785K, capacity 8342K, committed 8360K, reserved 1048576K
}
Event: 14.809 GC heap before
{Heap before GC invocations=16 (full 3):
 PSYoungGen      total 178688K, used 156160K [0x00000000e0000000, 0x00000000ee300000, 0x0000000100000000)
  eden space 156160K, 100% used [0x00000000e0000000,0x00000000e9880000,0x00000000e9880000)
  from space 22528K, 0% used [0x00000000eb080000,0x00000000eb080000,0x00000000ec680000)
  to   space 24576K, 0% used [0x00000000e9880000,0x00000000e9880000,0x00000000eb080000)
 ParOldGen       total 201728K, used 37904K [0x00000000a0000000, 0x00000000ac500000, 0x00000000e0000000)
  object space 201728K, 18% used [0x00000000a0000000,0x00000000a2504030,0x00000000ac500000)
 Metaspace       used 62153K, capacity 65288K, committed 65576K, reserved 1105920K
  class space    used 8533K, capacity 9433K, committed 9512K, reserved 1048576K
Event: 14.836 GC heap after
Heap after GC invocations=16 (full 3):
 PSYoungGen      total 180736K, used 21659K [0x00000000e0000000, 0x00000000ef900000, 0x0000000100000000)
  eden space 156160K, 0% used [0x00000000e0000000,0x00000000e0000000,0x00000000e9880000)
  from space 24576K, 88% used [0x00000000e9880000,0x00000000eada6cf0,0x00000000eb080000)
  to   space 26624K, 0% used [0x00000000edf00000,0x00000000edf00000,0x00000000ef900000)
 ParOldGen       total 201728K, used 37912K [0x00000000a0000000, 0x00000000ac500000, 0x00000000e0000000)
  object space 201728K, 18% used [0x00000000a0000000,0x00000000a2506030,0x00000000ac500000)
 Metaspace       used 62153K, capacity 65288K, committed 65576K, reserved 1105920K
  class space    used 8533K, capacity 9433K, committed 9512K, reserved 1048576K
}
Event: 16.756 GC heap before
{Heap before GC invocations=17 (full 3):
 PSYoungGen      total 180736K, used 177819K [0x00000000e0000000, 0x00000000ef900000, 0x0000000100000000)
  eden space 156160K, 100% used [0x00000000e0000000,0x00000000e9880000,0x00000000e9880000)
  from space 24576K, 88% used [0x00000000e9880000,0x00000000eada6cf0,0x00000000eb080000)
  to   space 26624K, 0% used [0x00000000edf00000,0x00000000edf00000,0x00000000ef900000)
 ParOldGen       total 201728K, used 37912K [0x00000000a0000000, 0x00000000ac500000, 0x00000000e0000000)
  object space 201728K, 18% used [0x00000000a0000000,0x00000000a2506030,0x00000000ac500000)
 Metaspace       used 65086K, capacity 69054K, committed 69160K, reserved 1107968K
  class space    used 8979K, capacity 9985K, committed 10024K, reserved 1048576K
Event: 16.802 GC heap after
Heap after GC invocations=17 (full 3):
 PSYoungGen      total 218624K, used 26592K [0x00000000e0000000, 0x00000000f0980000, 0x0000000100000000)
  eden space 192000K, 0% used [0x00000000e0000000,0x00000000e0000000,0x00000000ebb80000)
  from space 26624K, 99% used [0x00000000edf00000,0x00000000ef8f8020,0x00000000ef900000)
  to   space 36352K, 0% used [0x00000000ebb80000,0x00000000ebb80000,0x00000000edf00000)
 ParOldGen       total 201728K, used 53321K [0x00000000a0000000, 0x00000000ac500000, 0x00000000e0000000)
  object space 201728K, 26% used [0x00000000a0000000,0x00000000a34125d8,0x00000000ac500000)
 Metaspace       used 65086K, capacity 69054K, committed 69160K, reserved 1107968K
  class space    used 8979K, capacity 9985K, committed 10024K, reserved 1048576K
}

