# JRE version: OpenJDK Runtime Environment (8.0_242-b01) (build 1.8.0_242-release-1644-b01)
# Java VM: OpenJDK 64-Bit Server VM (25.242-b01 mixed mode windows-amd64 compressed oops)
Heap:
 PSYoungGen      total 344064K, used 185526K [0x00000000e0000000, 0x00000000fff00000, 0x0000000100000000)
  eden space 183808K, 100% used [0x00000000e0000000,0x00000000eb380000,0x00000000eb380000)
  from space 160256K, 1% used [0x00000000eb380000,0x00000000eb52da68,0x00000000f5000000)
  to   space 160768K, 4% used [0x00000000f6200000,0x00000000f6881a68,0x00000000fff00000)
 ParOldGen       total 464896K, used 272077K [0x00000000a0000000, 0x00000000bc600000, 0x00000000e0000000)
  object space 464896K, 58% used [0x00000000a0000000,0x00000000b09b37c0,0x00000000bc600000)
 Metaspace       used 80682K, capacity 87376K, committed 87464K, reserved 1124352K
  class space    used 10528K, capacity 11914K, committed 11944K, reserved 1048576K
GC Heap History (10 events):
Event: 18390.695 GC heap before
{Heap before GC invocations=45 (full 4):
 PSYoungGen      total 343552K, used 214582K [0x00000000e0000000, 0x00000000ffa00000, 0x0000000100000000)
  eden space 175104K, 100% used [0x00000000e0000000,0x00000000eab00000,0x00000000eab00000)
  from space 168448K, 23% used [0x00000000f5580000,0x00000000f7c0da88,0x00000000ffa00000)
  to   space 171520K, 0% used [0x00000000eab00000,0x00000000eab00000,0x00000000f5280000)
 ParOldGen       total 464896K, used 271877K [0x00000000a0000000, 0x00000000bc600000, 0x00000000e0000000)
  object space 464896K, 58% used [0x00000000a0000000,0x00000000b09817c0,0x00000000bc600000)
 Metaspace       used 80158K, capacity 86486K, committed 86696K, reserved 1124352K
  class space    used 10479K, capacity 11833K, committed 11944K, reserved 1048576K
Event: 18390.747 GC heap after
Heap after GC invocations=45 (full 4):
 PSYoungGen      total 346624K, used 50838K [0x00000000e0000000, 0x00000000ff200000, 0x0000000100000000)
  eden space 175104K, 0% used [0x00000000e0000000,0x00000000e0000000,0x00000000eab00000)
  from space 171520K, 29% used [0x00000000eab00000,0x00000000edca5ad8,0x00000000f5280000)
  to   space 162816K, 0% used [0x00000000f5300000,0x00000000f5300000,0x00000000ff200000)
 ParOldGen       total 464896K, used 271885K [0x00000000a0000000, 0x00000000bc600000, 0x00000000e0000000)
  object space 464896K, 58% used [0x00000000a0000000,0x00000000b09837c0,0x00000000bc600000)
 Metaspace       used 80158K, capacity 86486K, committed 86696K, reserved 1124352K
  class space    used 10479K, capacity 11833K, committed 11944K, reserved 1048576K
}
Event: 18392.016 GC heap before
{Heap before GC invocations=46 (full 4):
 PSYoungGen      total 346624K, used 222924K [0x00000000e0000000, 0x00000000ff200000, 0x0000000100000000)
  eden space 175104K, 98% used [0x00000000e0000000,0x00000000ea80d890,0x00000000eab00000)
  from space 171520K, 29% used [0x00000000eab00000,0x00000000edca5ad8,0x00000000f5280000)
  to   space 162816K, 0% used [0x00000000f5300000,0x00000000f5300000,0x00000000ff200000)
 ParOldGen       total 464896K, used 271885K [0x00000000a0000000, 0x00000000bc600000, 0x00000000e0000000)
  object space 464896K, 58% used [0x00000000a0000000,0x00000000b09837c0,0x00000000bc600000)
 Metaspace       used 80186K, capacity 86486K, committed 86696K, reserved 1124352K
  class space    used 10479K, capacity 11833K, committed 11944K, reserved 1048576K
Event: 18392.104 GC heap after
Heap after GC invocations=46 (full 4):
 PSYoungGen      total 338432K, used 113050K [0x00000000e0000000, 0x0000000100000000, 0x0000000100000000)
  eden space 175616K, 0% used [0x00000000e0000000,0x00000000e0000000,0x00000000eab80000)
  from space 162816K, 69% used [0x00000000f5300000,0x00000000fc166b18,0x00000000ff200000)
  to   space 171520K, 0% used [0x00000000eab80000,0x00000000eab80000,0x00000000f5300000)
 ParOldGen       total 464896K, used 271893K [0x00000000a0000000, 0x00000000bc600000, 0x00000000e0000000)
  object space 464896K, 58% used [0x00000000a0000000,0x00000000b09857c0,0x00000000bc600000)
 Metaspace       used 80186K, capacity 86486K, committed 86696K, reserved 1124352K
  class space    used 10479K, capacity 11833K, committed 11944K, reserved 1048576K
}
Event: 18722.138 GC heap before
{Heap before GC invocations=47 (full 4):
 PSYoungGen      total 338432K, used 288666K [0x00000000e0000000, 0x0000000100000000, 0x0000000100000000)
  eden space 175616K, 100% used [0x00000000e0000000,0x00000000eab80000,0x00000000eab80000)
  from space 162816K, 69% used [0x00000000f5300000,0x00000000fc166b18,0x00000000ff200000)
  to   space 171520K, 0% used [0x00000000eab80000,0x00000000eab80000,0x00000000f5300000)
 ParOldGen       total 464896K, used 271893K [0x00000000a0000000, 0x00000000bc600000, 0x00000000e0000000)
  object space 464896K, 58% used [0x00000000a0000000,0x00000000b09857c0,0x00000000bc600000)
 Metaspace       used 80356K, capacity 86760K, committed 86952K, reserved 1124352K
  class space    used 10487K, capacity 11846K, committed 11944K, reserved 1048576K
Event: 18722.157 GC heap after
Heap after GC invocations=47 (full 4):
 PSYoungGen      total 347136K, used 20822K [0x00000000e0000000, 0x0000000100000000, 0x0000000100000000)
  eden space 175616K, 0% used [0x00000000e0000000,0x00000000e0000000,0x00000000eab80000)
  from space 171520K, 12% used [0x00000000eab80000,0x00000000ebfd5a78,0x00000000f5300000)
  to   space 168960K, 0% used [0x00000000f5b00000,0x00000000f5b00000,0x0000000100000000)
 ParOldGen       total 464896K, used 271933K [0x00000000a0000000, 0x00000000bc600000, 0x00000000e0000000)
  object space 464896K, 58% used [0x00000000a0000000,0x00000000b098f7c0,0x00000000bc600000)
 Metaspace       used 80356K, capacity 86760K, committed 86952K, reserved 1124352K
  class space    used 10487K, capacity 11846K, committed 11944K, reserved 1048576K
}
Event: 18723.073 GC heap before
{Heap before GC invocations=48 (full 4):
 PSYoungGen      total 347136K, used 196438K [0x00000000e0000000, 0x0000000100000000, 0x0000000100000000)
  eden space 175616K, 100% used [0x00000000e0000000,0x00000000eab80000,0x00000000eab80000)
  from space 171520K, 12% used [0x00000000eab80000,0x00000000ebfd5a78,0x00000000f5300000)
  to   space 168960K, 0% used [0x00000000f5b00000,0x00000000f5b00000,0x0000000100000000)
 ParOldGen       total 464896K, used 271933K [0x00000000a0000000, 0x00000000bc600000, 0x00000000e0000000)
  object space 464896K, 58% used [0x00000000a0000000,0x00000000b098f7c0,0x00000000bc600000)
 Metaspace       used 80455K, capacity 86888K, committed 87208K, reserved 1124352K
  class space    used 10493K, capacity 11854K, committed 11944K, reserved 1048576K
Event: 18723.117 GC heap after
Heap after GC invocations=48 (full 4):
 PSYoungGen      total 332800K, used 50006K [0x00000000e0000000, 0x00000000fec80000, 0x0000000100000000)
  eden space 183808K, 0% used [0x00000000e0000000,0x00000000e0000000,0x00000000eb380000)
  from space 148992K, 33% used [0x00000000f5b00000,0x00000000f8bd5a98,0x00000000fec80000)
  to   space 160256K, 0% used [0x00000000eb380000,0x00000000eb380000,0x00000000f5000000)
 ParOldGen       total 464896K, used 271941K [0x00000000a0000000, 0x00000000bc600000, 0x00000000e0000000)
  object space 464896K, 58% used [0x00000000a0000000,0x00000000b09917c0,0x00000000bc600000)
 Metaspace       used 80455K, capacity 86888K, committed 87208K, reserved 1124352K
  class space    used 10493K, capacity 11854K, committed 11944K, reserved 1048576K
}
Event: 21387.567 GC heap before
{Heap before GC invocations=49 (full 4):
 PSYoungGen      total 332800K, used 233814K [0x00000000e0000000, 0x00000000fec80000, 0x0000000100000000)
  eden space 183808K, 100% used [0x00000000e0000000,0x00000000eb380000,0x00000000eb380000)
  from space 148992K, 33% used [0x00000000f5b00000,0x00000000f8bd5a98,0x00000000fec80000)
  to   space 160256K, 0% used [0x00000000eb380000,0x00000000eb380000,0x00000000f5000000)
 ParOldGen       total 464896K, used 271941K [0x00000000a0000000, 0x00000000bc600000, 0x00000000e0000000)
  object space 464896K, 58% used [0x00000000a0000000,0x00000000b09917c0,0x00000000bc600000)
 Metaspace       used 80597K, capacity 87248K, committed 87464K, reserved 1124352K
  class space    used 10526K, capacity 11914K, committed 11944K, reserved 1048576K
Event: 21387.575 GC heap after
Heap after GC invocations=49 (full 4):
 PSYoungGen      total 344064K, used 1718K [0x00000000e0000000, 0x00000000fff00000, 0x0000000100000000)
  eden space 183808K, 0% used [0x00000000e0000000,0x00000000e0000000,0x00000000eb380000)
  from space 160256K, 1% used [0x00000000eb380000,0x00000000eb52da68,0x00000000f5000000)
  to   space 160768K, 0% used [0x00000000f6200000,0x00000000f6200000,0x00000000fff00000)
 ParOldGen       total 464896K, used 272069K [0x00000000a0000000, 0x00000000bc600000, 0x00000000e0000000)
  object space 464896K, 58% used [0x00000000a0000000,0x00000000b09b17c0,0x00000000bc600000)
 Metaspace       used 80597K, capacity 87248K, committed 87464K, reserved 1124352K
  class space    used 10526K, capacity 11914K, committed 11944K, reserved 1048576K
}

