# JRE version: OpenJDK Runtime Environment (8.0_242-b01) (build 1.8.0_242-release-1644-b01)
# Java VM: OpenJDK 64-Bit Server VM (25.242-b01 mixed mode windows-amd64 compressed oops)
Heap:
 PSYoungGen      total 188416K, used 70134K [0x00000000e0000000, 0x00000000f1400000, 0x0000000100000000)
  eden space 165888K, 28% used [0x00000000e0000000,0x00000000e2e858e8,0x00000000ea200000)
  from space 22528K, 99% used [0x00000000ea200000,0x00000000eb7f8010,0x00000000eb800000)
  to   space 26112K, 0% used [0x00000000efa80000,0x00000000efa80000,0x00000000f1400000)
 ParOldGen       total 186880K, used 40435K [0x00000000a0000000, 0x00000000ab680000, 0x00000000e0000000)
  object space 186880K, 21% used [0x00000000a0000000,0x00000000a277cfd8,0x00000000ab680000)
 Metaspace       used 62951K, capacity 66452K, committed 66728K, reserved 1105920K
  class space    used 8626K, capacity 9592K, committed 9640K, reserved 1048576K
GC Heap History (10 events):
Event: 9.772 GC heap before
{Heap before GC invocations=12 (full 2):
 PSYoungGen      total 125952K, used 125936K [0x00000000e0000000, 0x00000000ea500000, 0x0000000100000000)
  eden space 112128K, 100% used [0x00000000e0000000,0x00000000e6d80000,0x00000000e6d80000)
  from space 13824K, 99% used [0x00000000e6d80000,0x00000000e7afc0e0,0x00000000e7b00000)
  to   space 15872K, 0% used [0x00000000e9580000,0x00000000e9580000,0x00000000ea500000)
 ParOldGen       total 140288K, used 17670K [0x00000000a0000000, 0x00000000a8900000, 0x00000000e0000000)
  object space 140288K, 12% used [0x00000000a0000000,0x00000000a1141b00,0x00000000a8900000)
 Metaspace       used 51037K, capacity 52524K, committed 52648K, reserved 1095680K
  class space    used 6893K, capacity 7317K, committed 7336K, reserved 1048576K
Event: 9.790 GC heap after
Heap after GC invocations=12 (full 2):
 PSYoungGen      total 151040K, used 15840K [0x00000000e0000000, 0x00000000ea900000, 0x0000000100000000)
  eden space 135168K, 0% used [0x00000000e0000000,0x00000000e0000000,0x00000000e8400000)
  from space 15872K, 99% used [0x00000000e9580000,0x00000000ea4f8008,0x00000000ea500000)
  to   space 17920K, 0% used [0x00000000e8400000,0x00000000e8400000,0x00000000e9580000)
 ParOldGen       total 140288K, used 18922K [0x00000000a0000000, 0x00000000a8900000, 0x00000000e0000000)
  object space 140288K, 13% used [0x00000000a0000000,0x00000000a127a800,0x00000000a8900000)
 Metaspace       used 51037K, capacity 52524K, committed 52648K, reserved 1095680K
  class space    used 6893K, capacity 7317K, committed 7336K, reserved 1048576K
}
Event: 11.712 GC heap before
{Heap before GC invocations=13 (full 2):
 PSYoungGen      total 151040K, used 151008K [0x00000000e0000000, 0x00000000ea900000, 0x0000000100000000)
  eden space 135168K, 100% used [0x00000000e0000000,0x00000000e8400000,0x00000000e8400000)
  from space 15872K, 99% used [0x00000000e9580000,0x00000000ea4f8008,0x00000000ea500000)
  to   space 17920K, 0% used [0x00000000e8400000,0x00000000e8400000,0x00000000e9580000)
 ParOldGen       total 140288K, used 18923K [0x00000000a0000000, 0x00000000a8900000, 0x00000000e0000000)
  object space 140288K, 13% used [0x00000000a0000000,0x00000000a127ae98,0x00000000a8900000)
 Metaspace       used 56997K, capacity 59044K, committed 59160K, reserved 1099776K
  class space    used 7734K, capacity 8296K, committed 8360K, reserved 1048576K
Event: 11.737 GC heap after
Heap after GC invocations=13 (full 2):
 PSYoungGen      total 153088K, used 17899K [0x00000000e0000000, 0x00000000ece80000, 0x0000000100000000)
  eden space 135168K, 0% used [0x00000000e0000000,0x00000000e0000000,0x00000000e8400000)
  from space 17920K, 99% used [0x00000000e8400000,0x00000000e957ad88,0x00000000e9580000)
  to   space 23040K, 0% used [0x00000000eb800000,0x00000000eb800000,0x00000000ece80000)
 ParOldGen       total 140288K, used 26899K [0x00000000a0000000, 0x00000000a8900000, 0x00000000e0000000)
  object space 140288K, 19% used [0x00000000a0000000,0x00000000a1a44f58,0x00000000a8900000)
 Metaspace       used 56997K, capacity 59044K, committed 59160K, reserved 1099776K
  class space    used 7734K, capacity 8296K, committed 8360K, reserved 1048576K
}
Event: 11.770 GC heap before
{Heap before GC invocations=14 (full 2):
 PSYoungGen      total 153088K, used 20633K [0x00000000e0000000, 0x00000000ece80000, 0x0000000100000000)
  eden space 135168K, 2% used [0x00000000e0000000,0x00000000e02ab6e8,0x00000000e8400000)
  from space 17920K, 99% used [0x00000000e8400000,0x00000000e957ad88,0x00000000e9580000)
  to   space 23040K, 0% used [0x00000000eb800000,0x00000000eb800000,0x00000000ece80000)
 ParOldGen       total 140288K, used 26899K [0x00000000a0000000, 0x00000000a8900000, 0x00000000e0000000)
  object space 140288K, 19% used [0x00000000a0000000,0x00000000a1a44f58,0x00000000a8900000)
 Metaspace       used 57075K, capacity 59066K, committed 59160K, reserved 1099776K
  class space    used 7746K, capacity 8303K, committed 8360K, reserved 1048576K
Event: 11.786 GC heap after
Heap after GC invocations=14 (full 2):
 PSYoungGen      total 188928K, used 12430K [0x00000000e0000000, 0x00000000ef000000, 0x0000000100000000)
  eden space 165888K, 0% used [0x00000000e0000000,0x00000000e0000000,0x00000000ea200000)
  from space 23040K, 53% used [0x00000000eb800000,0x00000000ec423a68,0x00000000ece80000)
  to   space 22528K, 0% used [0x00000000ea200000,0x00000000ea200000,0x00000000eb800000)
 ParOldGen       total 140288K, used 32829K [0x00000000a0000000, 0x00000000a8900000, 0x00000000e0000000)
  object space 140288K, 23% used [0x00000000a0000000,0x00000000a200f7b0,0x00000000a8900000)
 Metaspace       used 57075K, capacity 59066K, committed 59160K, reserved 1099776K
  class space    used 7746K, capacity 8303K, committed 8360K, reserved 1048576K
}
Event: 11.786 GC heap before
{Heap before GC invocations=15 (full 3):
 PSYoungGen      total 188928K, used 12430K [0x00000000e0000000, 0x00000000ef000000, 0x0000000100000000)
  eden space 165888K, 0% used [0x00000000e0000000,0x00000000e0000000,0x00000000ea200000)
  from space 23040K, 53% used [0x00000000eb800000,0x00000000ec423a68,0x00000000ece80000)
  to   space 22528K, 0% used [0x00000000ea200000,0x00000000ea200000,0x00000000eb800000)
 ParOldGen       total 140288K, used 32829K [0x00000000a0000000, 0x00000000a8900000, 0x00000000e0000000)
  object space 140288K, 23% used [0x00000000a0000000,0x00000000a200f7b0,0x00000000a8900000)
 Metaspace       used 57075K, capacity 59066K, committed 59160K, reserved 1099776K
  class space    used 7746K, capacity 8303K, committed 8360K, reserved 1048576K
Event: 12.180 GC heap after
Heap after GC invocations=15 (full 3):
 PSYoungGen      total 188928K, used 0K [0x00000000e0000000, 0x00000000ef000000, 0x0000000100000000)
  eden space 165888K, 0% used [0x00000000e0000000,0x00000000e0000000,0x00000000ea200000)
  from space 23040K, 0% used [0x00000000eb800000,0x00000000eb800000,0x00000000ece80000)
  to   space 22528K, 0% used [0x00000000ea200000,0x00000000ea200000,0x00000000eb800000)
 ParOldGen       total 186880K, used 37710K [0x00000000a0000000, 0x00000000ab680000, 0x00000000e0000000)
  object space 186880K, 20% used [0x00000000a0000000,0x00000000a24d3818,0x00000000ab680000)
 Metaspace       used 57075K, capacity 59066K, committed 59160K, reserved 1099776K
  class space    used 7746K, capacity 8303K, committed 8360K, reserved 1048576K
}
Event: 14.653 GC heap before
{Heap before GC invocations=16 (full 3):
 PSYoungGen      total 188928K, used 165888K [0x00000000e0000000, 0x00000000ef000000, 0x0000000100000000)
  eden space 165888K, 100% used [0x00000000e0000000,0x00000000ea200000,0x00000000ea200000)
  from space 23040K, 0% used [0x00000000eb800000,0x00000000eb800000,0x00000000ece80000)
  to   space 22528K, 0% used [0x00000000ea200000,0x00000000ea200000,0x00000000eb800000)
 ParOldGen       total 186880K, used 37710K [0x00000000a0000000, 0x00000000ab680000, 0x00000000e0000000)
  object space 186880K, 20% used [0x00000000a0000000,0x00000000a24d3818,0x00000000ab680000)
 Metaspace       used 60906K, capacity 64278K, committed 64424K, reserved 1103872K
  class space    used 8310K, capacity 9257K, committed 9384K, reserved 1048576K
Event: 14.678 GC heap after
Heap after GC invocations=16 (full 3):
 PSYoungGen      total 188416K, used 22496K [0x00000000e0000000, 0x00000000f1400000, 0x0000000100000000)
  eden space 165888K, 0% used [0x00000000e0000000,0x00000000e0000000,0x00000000ea200000)
  from space 22528K, 99% used [0x00000000ea200000,0x00000000eb7f8010,0x00000000eb800000)
  to   space 26112K, 0% used [0x00000000efa80000,0x00000000efa80000,0x00000000f1400000)
 ParOldGen       total 186880K, used 40435K [0x00000000a0000000, 0x00000000ab680000, 0x00000000e0000000)
  object space 186880K, 21% used [0x00000000a0000000,0x00000000a277cfd8,0x00000000ab680000)
 Metaspace       used 60906K, capacity 64278K, committed 64424K, reserved 1103872K
  class space    used 8310K, capacity 9257K, committed 9384K, reserved 1048576K
}

