# JRE version: OpenJDK Runtime Environment (8.0_242-b01) (build 1.8.0_242-release-1644-b01)
# Java VM: OpenJDK 64-Bit Server VM (25.242-b01 mixed mode windows-amd64 compressed oops)
Heap:
 PSYoungGen      total 247808K, used 65490K [0x00000000e0000000, 0x00000000f2500000, 0x0000000100000000)
  eden space 220160K, 17% used [0x00000000e0000000,0x00000000e24fc550,0x00000000ed700000)
  from space 27648K, 99% used [0x00000000efb80000,0x00000000f16784c0,0x00000000f1680000)
  to   space 37376K, 0% used [0x00000000ed700000,0x00000000ed700000,0x00000000efb80000)
 ParOldGen       total 184320K, used 54366K [0x00000000a0000000, 0x00000000ab400000, 0x00000000e0000000)
  object space 184320K, 29% used [0x00000000a0000000,0x00000000a3517b78,0x00000000ab400000)
 Metaspace       used 65743K, capacity 69694K, committed 70056K, reserved 1110016K
  class space    used 9069K, capacity 10057K, committed 10152K, reserved 1048576K
GC Heap History (10 events):
Event: 12.458 GC heap before
{Heap before GC invocations=13 (full 2):
 PSYoungGen      total 149504K, used 149483K [0x00000000e0000000, 0x00000000ea700000, 0x0000000100000000)
  eden space 134144K, 100% used [0x00000000e0000000,0x00000000e8300000,0x00000000e8300000)
  from space 15360K, 99% used [0x00000000e9400000,0x00000000ea2faec8,0x00000000ea300000)
  to   space 17408K, 0% used [0x00000000e8300000,0x00000000e8300000,0x00000000e9400000)
 ParOldGen       total 138752K, used 18740K [0x00000000a0000000, 0x00000000a8780000, 0x00000000e0000000)
  object space 138752K, 13% used [0x00000000a0000000,0x00000000a124d1d0,0x00000000a8780000)
 Metaspace       used 56908K, capacity 58980K, committed 59048K, reserved 1099776K
  class space    used 7740K, capacity 8300K, committed 8360K, reserved 1048576K
Event: 12.488 GC heap after
Heap after GC invocations=13 (full 2):
 PSYoungGen      total 151552K, used 17387K [0x00000000e0000000, 0x00000000ed000000, 0x0000000100000000)
  eden space 134144K, 0% used [0x00000000e0000000,0x00000000e0000000,0x00000000e8300000)
  from space 17408K, 99% used [0x00000000e8300000,0x00000000e93fad68,0x00000000e9400000)
  to   space 23040K, 0% used [0x00000000eb980000,0x00000000eb980000,0x00000000ed000000)
 ParOldGen       total 138752K, used 27574K [0x00000000a0000000, 0x00000000a8780000, 0x00000000e0000000)
  object space 138752K, 19% used [0x00000000a0000000,0x00000000a1aedbe8,0x00000000a8780000)
 Metaspace       used 56908K, capacity 58980K, committed 59048K, reserved 1099776K
  class space    used 7740K, capacity 8300K, committed 8360K, reserved 1048576K
}
Event: 12.540 GC heap before
{Heap before GC invocations=14 (full 2):
 PSYoungGen      total 151552K, used 20785K [0x00000000e0000000, 0x00000000ed000000, 0x0000000100000000)
  eden space 134144K, 2% used [0x00000000e0000000,0x00000000e0351808,0x00000000e8300000)
  from space 17408K, 99% used [0x00000000e8300000,0x00000000e93fad68,0x00000000e9400000)
  to   space 23040K, 0% used [0x00000000eb980000,0x00000000eb980000,0x00000000ed000000)
 ParOldGen       total 138752K, used 27574K [0x00000000a0000000, 0x00000000a8780000, 0x00000000e0000000)
  object space 138752K, 19% used [0x00000000a0000000,0x00000000a1aedbe8,0x00000000a8780000)
 Metaspace       used 57136K, capacity 59118K, committed 59160K, reserved 1099776K
  class space    used 7792K, capacity 8344K, committed 8360K, reserved 1048576K
Event: 12.563 GC heap after
Heap after GC invocations=14 (full 2):
 PSYoungGen      total 188928K, used 17887K [0x00000000e0000000, 0x00000000ef280000, 0x0000000100000000)
  eden space 165888K, 0% used [0x00000000e0000000,0x00000000e0000000,0x00000000ea200000)
  from space 23040K, 77% used [0x00000000eb980000,0x00000000ecaf7ff8,0x00000000ed000000)
  to   space 24064K, 0% used [0x00000000ea200000,0x00000000ea200000,0x00000000eb980000)
 ParOldGen       total 138752K, used 27582K [0x00000000a0000000, 0x00000000a8780000, 0x00000000e0000000)
  object space 138752K, 19% used [0x00000000a0000000,0x00000000a1aefbe8,0x00000000a8780000)
 Metaspace       used 57136K, capacity 59118K, committed 59160K, reserved 1099776K
  class space    used 7792K, capacity 8344K, committed 8360K, reserved 1048576K
}
Event: 12.563 GC heap before
{Heap before GC invocations=15 (full 3):
 PSYoungGen      total 188928K, used 17887K [0x00000000e0000000, 0x00000000ef280000, 0x0000000100000000)
  eden space 165888K, 0% used [0x00000000e0000000,0x00000000e0000000,0x00000000ea200000)
  from space 23040K, 77% used [0x00000000eb980000,0x00000000ecaf7ff8,0x00000000ed000000)
  to   space 24064K, 0% used [0x00000000ea200000,0x00000000ea200000,0x00000000eb980000)
 ParOldGen       total 138752K, used 27582K [0x00000000a0000000, 0x00000000a8780000, 0x00000000e0000000)
  object space 138752K, 19% used [0x00000000a0000000,0x00000000a1aefbe8,0x00000000a8780000)
 Metaspace       used 57136K, capacity 59118K, committed 59160K, reserved 1099776K
  class space    used 7792K, capacity 8344K, committed 8360K, reserved 1048576K
Event: 12.966 GC heap after
Heap after GC invocations=15 (full 3):
 PSYoungGen      total 188928K, used 0K [0x00000000e0000000, 0x00000000ef280000, 0x0000000100000000)
  eden space 165888K, 0% used [0x00000000e0000000,0x00000000e0000000,0x00000000ea200000)
  from space 23040K, 0% used [0x00000000eb980000,0x00000000eb980000,0x00000000ed000000)
  to   space 24064K, 0% used [0x00000000ea200000,0x00000000ea200000,0x00000000eb980000)
 ParOldGen       total 184320K, used 37745K [0x00000000a0000000, 0x00000000ab400000, 0x00000000e0000000)
  object space 184320K, 20% used [0x00000000a0000000,0x00000000a24dc598,0x00000000ab400000)
 Metaspace       used 57136K, capacity 59118K, committed 59160K, reserved 1099776K
  class space    used 7792K, capacity 8344K, committed 8360K, reserved 1048576K
}
Event: 15.569 GC heap before
{Heap before GC invocations=16 (full 3):
 PSYoungGen      total 188928K, used 165888K [0x00000000e0000000, 0x00000000ef280000, 0x0000000100000000)
  eden space 165888K, 100% used [0x00000000e0000000,0x00000000ea200000,0x00000000ea200000)
  from space 23040K, 0% used [0x00000000eb980000,0x00000000eb980000,0x00000000ed000000)
  to   space 24064K, 0% used [0x00000000ea200000,0x00000000ea200000,0x00000000eb980000)
 ParOldGen       total 184320K, used 37745K [0x00000000a0000000, 0x00000000ab400000, 0x00000000e0000000)
  object space 184320K, 20% used [0x00000000a0000000,0x00000000a24dc598,0x00000000ab400000)
 Metaspace       used 62482K, capacity 65690K, committed 65832K, reserved 1105920K
  class space    used 8566K, capacity 9447K, committed 9512K, reserved 1048576K
Event: 15.603 GC heap after
Heap after GC invocations=16 (full 3):
 PSYoungGen      total 189952K, used 24036K [0x00000000e0000000, 0x00000000f1680000, 0x0000000100000000)
  eden space 165888K, 0% used [0x00000000e0000000,0x00000000e0000000,0x00000000ea200000)
  from space 24064K, 99% used [0x00000000ea200000,0x00000000eb979358,0x00000000eb980000)
  to   space 27648K, 0% used [0x00000000efb80000,0x00000000efb80000,0x00000000f1680000)
 ParOldGen       total 184320K, used 38045K [0x00000000a0000000, 0x00000000ab400000, 0x00000000e0000000)
  object space 184320K, 20% used [0x00000000a0000000,0x00000000a25274e8,0x00000000ab400000)
 Metaspace       used 62482K, capacity 65690K, committed 65832K, reserved 1105920K
  class space    used 8566K, capacity 9447K, committed 9512K, reserved 1048576K
}
Event: 17.590 GC heap before
{Heap before GC invocations=17 (full 3):
 PSYoungGen      total 189952K, used 189924K [0x00000000e0000000, 0x00000000f1680000, 0x0000000100000000)
  eden space 165888K, 100% used [0x00000000e0000000,0x00000000ea200000,0x00000000ea200000)
  from space 24064K, 99% used [0x00000000ea200000,0x00000000eb979358,0x00000000eb980000)
  to   space 27648K, 0% used [0x00000000efb80000,0x00000000efb80000,0x00000000f1680000)
 ParOldGen       total 184320K, used 38045K [0x00000000a0000000, 0x00000000ab400000, 0x00000000e0000000)
  object space 184320K, 20% used [0x00000000a0000000,0x00000000a25274e8,0x00000000ab400000)
 Metaspace       used 65424K, capacity 69356K, committed 69416K, reserved 1107968K
  class space    used 9020K, capacity 10013K, committed 10024K, reserved 1048576K
Event: 17.631 GC heap after
Heap after GC invocations=17 (full 3):
 PSYoungGen      total 247808K, used 27617K [0x00000000e0000000, 0x00000000f2500000, 0x0000000100000000)
  eden space 220160K, 0% used [0x00000000e0000000,0x00000000e0000000,0x00000000ed700000)
  from space 27648K, 99% used [0x00000000efb80000,0x00000000f16784c0,0x00000000f1680000)
  to   space 37376K, 0% used [0x00000000ed700000,0x00000000ed700000,0x00000000efb80000)
 ParOldGen       total 184320K, used 54366K [0x00000000a0000000, 0x00000000ab400000, 0x00000000e0000000)
  object space 184320K, 29% used [0x00000000a0000000,0x00000000a3517b78,0x00000000ab400000)
 Metaspace       used 65424K, capacity 69356K, committed 69416K, reserved 1107968K
  class space    used 9020K, capacity 10013K, committed 10024K, reserved 1048576K
}

