# JRE version: OpenJDK Runtime Environment (8.0_242-b01) (build 1.8.0_242-release-1644-b01)
# Java VM: OpenJDK 64-Bit Server VM (25.242-b01 mixed mode windows-amd64 compressed oops)
Heap:
 PSYoungGen      total 245248K, used 165273K [0x00000000e0000000, 0x00000000f3f00000, 0x0000000100000000)
  eden space 171520K, 83% used [0x00000000e0000000,0x00000000e8b98158,0x00000000ea780000)
  from space 73728K, 30% used [0x00000000ea780000,0x00000000ebd4e638,0x00000000eef80000)
  to   space 70144K, 0% used [0x00000000efa80000,0x00000000efa80000,0x00000000f3f00000)
 ParOldGen       total 221696K, used 164178K [0x00000000a0000000, 0x00000000ad880000, 0x00000000e0000000)
  object space 221696K, 74% used [0x00000000a0000000,0x00000000aa054890,0x00000000ad880000)
 Metaspace       used 77069K, capacity 82654K, committed 82728K, reserved 1120256K
  class space    used 10330K, capacity 11554K, committed 11560K, reserved 1048576K
GC Heap History (10 events):
Event: 16.058 GC heap before
{Heap before GC invocations=16 (full 3):
 PSYoungGen      total 174592K, used 174498K [0x00000000e0000000, 0x00000000ecd00000, 0x0000000100000000)
  eden space 154112K, 100% used [0x00000000e0000000,0x00000000e9680000,0x00000000e9680000)
  from space 20480K, 99% used [0x00000000eb900000,0x00000000ecce8838,0x00000000ecd00000)
  to   space 25600K, 0% used [0x00000000e9b00000,0x00000000e9b00000,0x00000000eb400000)
 ParOldGen       total 221696K, used 41849K [0x00000000a0000000, 0x00000000ad880000, 0x00000000e0000000)
  object space 221696K, 18% used [0x00000000a0000000,0x00000000a28de538,0x00000000ad880000)
 Metaspace       used 64218K, capacity 67624K, committed 67880K, reserved 1107968K
  class space    used 8804K, capacity 9704K, committed 9768K, reserved 1048576K
Event: 16.108 GC heap after
Heap after GC invocations=16 (full 3):
 PSYoungGen      total 184320K, used 25584K [0x00000000e0000000, 0x00000000ef480000, 0x0000000100000000)
  eden space 158720K, 0% used [0x00000000e0000000,0x00000000e0000000,0x00000000e9b00000)
  from space 25600K, 99% used [0x00000000e9b00000,0x00000000eb3fc020,0x00000000eb400000)
  to   space 34816K, 0% used [0x00000000ed280000,0x00000000ed280000,0x00000000ef480000)
 ParOldGen       total 221696K, used 57382K [0x00000000a0000000, 0x00000000ad880000, 0x00000000e0000000)
  object space 221696K, 25% used [0x00000000a0000000,0x00000000a3809880,0x00000000ad880000)
 Metaspace       used 64218K, capacity 67624K, committed 67880K, reserved 1107968K
  class space    used 8804K, capacity 9704K, committed 9768K, reserved 1048576K
}
Event: 50.916 GC heap before
{Heap before GC invocations=17 (full 3):
 PSYoungGen      total 184320K, used 184304K [0x00000000e0000000, 0x00000000ef480000, 0x0000000100000000)
  eden space 158720K, 100% used [0x00000000e0000000,0x00000000e9b00000,0x00000000e9b00000)
  from space 25600K, 99% used [0x00000000e9b00000,0x00000000eb3fc020,0x00000000eb400000)
  to   space 34816K, 0% used [0x00000000ed280000,0x00000000ed280000,0x00000000ef480000)
 ParOldGen       total 221696K, used 57382K [0x00000000a0000000, 0x00000000ad880000, 0x00000000e0000000)
  object space 221696K, 25% used [0x00000000a0000000,0x00000000a3809880,0x00000000ad880000)
 Metaspace       used 67111K, capacity 71326K, committed 71592K, reserved 1110016K
  class space    used 9226K, capacity 10284K, committed 10408K, reserved 1048576K
Event: 50.965 GC heap after
Heap after GC invocations=17 (full 3):
 PSYoungGen      total 209920K, used 34788K [0x00000000e0000000, 0x00000000f0000000, 0x0000000100000000)
  eden space 175104K, 0% used [0x00000000e0000000,0x00000000e0000000,0x00000000eab00000)
  from space 34816K, 99% used [0x00000000ed280000,0x00000000ef479178,0x00000000ef480000)
  to   space 40448K, 0% used [0x00000000eab00000,0x00000000eab00000,0x00000000ed280000)
 ParOldGen       total 221696K, used 59185K [0x00000000a0000000, 0x00000000ad880000, 0x00000000e0000000)
  object space 221696K, 26% used [0x00000000a0000000,0x00000000a39cc6c8,0x00000000ad880000)
 Metaspace       used 67111K, capacity 71326K, committed 71592K, reserved 1110016K
  class space    used 9226K, capacity 10284K, committed 10408K, reserved 1048576K
}
Event: 53.862 GC heap before
{Heap before GC invocations=18 (full 3):
 PSYoungGen      total 209920K, used 201773K [0x00000000e0000000, 0x00000000f0000000, 0x0000000100000000)
  eden space 175104K, 95% used [0x00000000e0000000,0x00000000ea3122e0,0x00000000eab00000)
  from space 34816K, 99% used [0x00000000ed280000,0x00000000ef479178,0x00000000ef480000)
  to   space 40448K, 0% used [0x00000000eab00000,0x00000000eab00000,0x00000000ed280000)
 ParOldGen       total 221696K, used 59185K [0x00000000a0000000, 0x00000000ad880000, 0x00000000e0000000)
  object space 221696K, 26% used [0x00000000a0000000,0x00000000a39cc6c8,0x00000000ad880000)
 Metaspace       used 71979K, capacity 76712K, committed 76840K, reserved 1116160K
  class space    used 9873K, capacity 10967K, committed 11048K, reserved 1048576K
Event: 53.907 GC heap after
Heap after GC invocations=18 (full 3):
 PSYoungGen      total 215552K, used 32511K [0x00000000e0000000, 0x00000000f1a80000, 0x0000000100000000)
  eden space 175104K, 0% used [0x00000000e0000000,0x00000000e0000000,0x00000000eab00000)
  from space 40448K, 80% used [0x00000000eab00000,0x00000000ecabfd38,0x00000000ed280000)
  to   space 44032K, 0% used [0x00000000eef80000,0x00000000eef80000,0x00000000f1a80000)
 ParOldGen       total 221696K, used 84549K [0x00000000a0000000, 0x00000000ad880000, 0x00000000e0000000)
  object space 221696K, 38% used [0x00000000a0000000,0x00000000a5291658,0x00000000ad880000)
 Metaspace       used 71979K, capacity 76712K, committed 76840K, reserved 1116160K
  class space    used 9873K, capacity 10967K, committed 11048K, reserved 1048576K
}
Event: 55.578 GC heap before
{Heap before GC invocations=19 (full 3):
 PSYoungGen      total 215552K, used 207615K [0x00000000e0000000, 0x00000000f1a80000, 0x0000000100000000)
  eden space 175104K, 100% used [0x00000000e0000000,0x00000000eab00000,0x00000000eab00000)
  from space 40448K, 80% used [0x00000000eab00000,0x00000000ecabfd38,0x00000000ed280000)
  to   space 44032K, 0% used [0x00000000eef80000,0x00000000eef80000,0x00000000f1a80000)
 ParOldGen       total 221696K, used 84549K [0x00000000a0000000, 0x00000000ad880000, 0x00000000e0000000)
  object space 221696K, 38% used [0x00000000a0000000,0x00000000a5291658,0x00000000ad880000)
 Metaspace       used 72222K, capacity 77028K, committed 77096K, reserved 1116160K
  class space    used 9918K, capacity 11045K, committed 11048K, reserved 1048576K
Event: 55.611 GC heap after
Heap after GC invocations=19 (full 3):
 PSYoungGen      total 215552K, used 44002K [0x00000000e0000000, 0x00000000f5680000, 0x0000000100000000)
  eden space 171520K, 0% used [0x00000000e0000000,0x00000000e0000000,0x00000000ea780000)
  from space 44032K, 99% used [0x00000000eef80000,0x00000000f1a78bf8,0x00000000f1a80000)
  to   space 73728K, 0% used [0x00000000ea780000,0x00000000ea780000,0x00000000eef80000)
 ParOldGen       total 221696K, used 146888K [0x00000000a0000000, 0x00000000ad880000, 0x00000000e0000000)
  object space 221696K, 66% used [0x00000000a0000000,0x00000000a8f72180,0x00000000ad880000)
 Metaspace       used 72222K, capacity 77028K, committed 77096K, reserved 1116160K
  class space    used 9918K, capacity 11045K, committed 11048K, reserved 1048576K
}
Event: 692.257 GC heap before
{Heap before GC invocations=20 (full 3):
 PSYoungGen      total 215552K, used 215522K [0x00000000e0000000, 0x00000000f5680000, 0x0000000100000000)
  eden space 171520K, 100% used [0x00000000e0000000,0x00000000ea780000,0x00000000ea780000)
  from space 44032K, 99% used [0x00000000eef80000,0x00000000f1a78bf8,0x00000000f1a80000)
  to   space 73728K, 0% used [0x00000000ea780000,0x00000000ea780000,0x00000000eef80000)
 ParOldGen       total 221696K, used 146888K [0x00000000a0000000, 0x00000000ad880000, 0x00000000e0000000)
  object space 221696K, 66% used [0x00000000a0000000,0x00000000a8f72180,0x00000000ad880000)
 Metaspace       used 76802K, capacity 82332K, committed 82472K, reserved 1120256K
  class space    used 10314K, capacity 11523K, committed 11560K, reserved 1048576K
Event: 692.309 GC heap after
Heap after GC invocations=20 (full 3):
 PSYoungGen      total 245248K, used 22329K [0x00000000e0000000, 0x00000000f3f00000, 0x0000000100000000)
  eden space 171520K, 0% used [0x00000000e0000000,0x00000000e0000000,0x00000000ea780000)
  from space 73728K, 30% used [0x00000000ea780000,0x00000000ebd4e638,0x00000000eef80000)
  to   space 70144K, 0% used [0x00000000efa80000,0x00000000efa80000,0x00000000f3f00000)
 ParOldGen       total 221696K, used 164178K [0x00000000a0000000, 0x00000000ad880000, 0x00000000e0000000)
  object space 221696K, 74% used [0x00000000a0000000,0x00000000aa054890,0x00000000ad880000)
 Metaspace       used 76802K, capacity 82332K, committed 82472K, reserved 1120256K
  class space    used 10314K, capacity 11523K, committed 11560K, reserved 1048576K
}

