# JRE version: OpenJDK Runtime Environment (8.0_242-b01) (build 1.8.0_242-release-1644-b01)
# Java VM: OpenJDK 64-Bit Server VM (25.242-b01 mixed mode windows-amd64 compressed oops)
Heap:
 PSYoungGen      total 431104K, used 42201K [0x00000000e0000000, 0x0000000100000000, 0x0000000100000000)
  eden space 392192K, 10% used [0x00000000e0000000,0x00000000e2936620,0x00000000f7f00000)
  from space 38912K, 0% used [0x00000000f7f00000,0x00000000f7f00000,0x00000000fa500000)
  to   space 66560K, 0% used [0x00000000fbf00000,0x00000000fbf00000,0x0000000100000000)
 ParOldGen       total 182272K, used 90503K [0x00000000a0000000, 0x00000000ab200000, 0x00000000e0000000)
  object space 182272K, 49% used [0x00000000a0000000,0x00000000a5861df8,0x00000000ab200000)
 Metaspace       used 77087K, capacity 81694K, committed 84136K, reserved 1122304K
  class space    used 10112K, capacity 11135K, committed 11688K, reserved 1048576K
GC Heap History (10 events):
Event: 50.098 GC heap before
{Heap before GC invocations=15 (full 3):
 PSYoungGen      total 288768K, used 288736K [0x00000000e0000000, 0x00000000f9c80000, 0x0000000100000000)
  eden space 262656K, 100% used [0x00000000e0000000,0x00000000f0080000,0x00000000f0080000)
  from space 26112K, 99% used [0x00000000f0080000,0x00000000f19f8010,0x00000000f1a00000)
  to   space 34816K, 0% used [0x00000000f7a80000,0x00000000f7a80000,0x00000000f9c80000)
 ParOldGen       total 182272K, used 51801K [0x00000000a0000000, 0x00000000ab200000, 0x00000000e0000000)
  object space 182272K, 28% used [0x00000000a0000000,0x00000000a32964c0,0x00000000ab200000)
 Metaspace       used 70134K, capacity 74818K, committed 75176K, reserved 1114112K
  class space    used 9442K, capacity 10560K, committed 10664K, reserved 1048576K
Event: 50.158 GC heap after
Heap after GC invocations=15 (full 3):
 PSYoungGen      total 372224K, used 29713K [0x00000000e0000000, 0x00000000f9880000, 0x0000000100000000)
  eden space 341504K, 0% used [0x00000000e0000000,0x00000000e0000000,0x00000000f4d80000)
  from space 30720K, 96% used [0x00000000f7a80000,0x00000000f9784530,0x00000000f9880000)
  to   space 38400K, 0% used [0x00000000f4d80000,0x00000000f4d80000,0x00000000f7300000)
 ParOldGen       total 182272K, used 77852K [0x00000000a0000000, 0x00000000ab200000, 0x00000000e0000000)
  object space 182272K, 42% used [0x00000000a0000000,0x00000000a4c07100,0x00000000ab200000)
 Metaspace       used 70134K, capacity 74818K, committed 75176K, reserved 1114112K
  class space    used 9442K, capacity 10560K, committed 10664K, reserved 1048576K
}
Event: 78.591 GC heap before
{Heap before GC invocations=16 (full 3):
 PSYoungGen      total 372224K, used 371217K [0x00000000e0000000, 0x00000000f9880000, 0x0000000100000000)
  eden space 341504K, 100% used [0x00000000e0000000,0x00000000f4d80000,0x00000000f4d80000)
  from space 30720K, 96% used [0x00000000f7a80000,0x00000000f9784530,0x00000000f9880000)
  to   space 38400K, 0% used [0x00000000f4d80000,0x00000000f4d80000,0x00000000f7300000)
 ParOldGen       total 182272K, used 77852K [0x00000000a0000000, 0x00000000ab200000, 0x00000000e0000000)
  object space 182272K, 42% used [0x00000000a0000000,0x00000000a4c07100,0x00000000ab200000)
 Metaspace       used 71050K, capacity 76146K, committed 76328K, reserved 1114112K
  class space    used 9512K, capacity 10680K, committed 10792K, reserved 1048576K
Event: 78.649 GC heap after
Heap after GC invocations=16 (full 3):
 PSYoungGen      total 379904K, used 36406K [0x00000000e0000000, 0x00000000ff980000, 0x0000000100000000)
  eden space 341504K, 0% used [0x00000000e0000000,0x00000000e0000000,0x00000000f4d80000)
  from space 38400K, 94% used [0x00000000f4d80000,0x00000000f710da78,0x00000000f7300000)
  to   space 43520K, 0% used [0x00000000fcf00000,0x00000000fcf00000,0x00000000ff980000)
 ParOldGen       total 182272K, used 84653K [0x00000000a0000000, 0x00000000ab200000, 0x00000000e0000000)
  object space 182272K, 46% used [0x00000000a0000000,0x00000000a52ab410,0x00000000ab200000)
 Metaspace       used 71050K, capacity 76146K, committed 76328K, reserved 1114112K
  class space    used 9512K, capacity 10680K, committed 10792K, reserved 1048576K
}
Event: 112.563 GC heap before
{Heap before GC invocations=17 (full 3):
 PSYoungGen      total 379904K, used 369991K [0x00000000e0000000, 0x00000000ff980000, 0x0000000100000000)
  eden space 341504K, 97% used [0x00000000e0000000,0x00000000f45c4370,0x00000000f4d80000)
  from space 38400K, 94% used [0x00000000f4d80000,0x00000000f710da78,0x00000000f7300000)
  to   space 43520K, 0% used [0x00000000fcf00000,0x00000000fcf00000,0x00000000ff980000)
 ParOldGen       total 182272K, used 84653K [0x00000000a0000000, 0x00000000ab200000, 0x00000000e0000000)
  object space 182272K, 46% used [0x00000000a0000000,0x00000000a52ab410,0x00000000ab200000)
 Metaspace       used 76721K, capacity 82328K, committed 82472K, reserved 1120256K
  class space    used 10244K, capacity 11485K, committed 11560K, reserved 1048576K
Event: 112.612 GC heap after
Heap after GC invocations=17 (full 3):
 PSYoungGen      total 435712K, used 43515K [0x00000000e0000000, 0x0000000100000000, 0x0000000100000000)
  eden space 392192K, 0% used [0x00000000e0000000,0x00000000e0000000,0x00000000f7f00000)
  from space 43520K, 99% used [0x00000000fcf00000,0x00000000ff97ede0,0x00000000ff980000)
  to   space 66048K, 0% used [0x00000000f7f00000,0x00000000f7f00000,0x00000000fbf80000)
 ParOldGen       total 182272K, used 127584K [0x00000000a0000000, 0x00000000ab200000, 0x00000000e0000000)
  object space 182272K, 69% used [0x00000000a0000000,0x00000000a7c980f0,0x00000000ab200000)
 Metaspace       used 76721K, capacity 82328K, committed 82472K, reserved 1120256K
  class space    used 10244K, capacity 11485K, committed 11560K, reserved 1048576K
}
Event: 2048.464 GC heap before
{Heap before GC invocations=18 (full 3):
 PSYoungGen      total 435712K, used 435707K [0x00000000e0000000, 0x0000000100000000, 0x0000000100000000)
  eden space 392192K, 100% used [0x00000000e0000000,0x00000000f7f00000,0x00000000f7f00000)
  from space 43520K, 99% used [0x00000000fcf00000,0x00000000ff97ede0,0x00000000ff980000)
  to   space 66048K, 0% used [0x00000000f7f00000,0x00000000f7f00000,0x00000000fbf80000)
 ParOldGen       total 182272K, used 127584K [0x00000000a0000000, 0x00000000ab200000, 0x00000000e0000000)
  object space 182272K, 69% used [0x00000000a0000000,0x00000000a7c980f0,0x00000000ab200000)
 Metaspace       used 78069K, capacity 83942K, committed 84136K, reserved 1122304K
  class space    used 10377K, capacity 11640K, committed 11688K, reserved 1048576K
Event: 2048.544 GC heap after
Heap after GC invocations=18 (full 3):
 PSYoungGen      total 431104K, used 38874K [0x00000000e0000000, 0x0000000100000000, 0x0000000100000000)
  eden space 392192K, 0% used [0x00000000e0000000,0x00000000e0000000,0x00000000f7f00000)
  from space 38912K, 99% used [0x00000000f7f00000,0x00000000fa4f6bd0,0x00000000fa500000)
  to   space 66560K, 0% used [0x00000000fbf00000,0x00000000fbf00000,0x0000000100000000)
 ParOldGen       total 182272K, used 158548K [0x00000000a0000000, 0x00000000ab200000, 0x00000000e0000000)
  object space 182272K, 86% used [0x00000000a0000000,0x00000000a9ad5048,0x00000000ab200000)
 Metaspace       used 78069K, capacity 83942K, committed 84136K, reserved 1122304K
  class space    used 10377K, capacity 11640K, committed 11688K, reserved 1048576K
}
Event: 2048.544 GC heap before
{Heap before GC invocations=19 (full 4):
 PSYoungGen      total 431104K, used 38874K [0x00000000e0000000, 0x0000000100000000, 0x0000000100000000)
  eden space 392192K, 0% used [0x00000000e0000000,0x00000000e0000000,0x00000000f7f00000)
  from space 38912K, 99% used [0x00000000f7f00000,0x00000000fa4f6bd0,0x00000000fa500000)
  to   space 66560K, 0% used [0x00000000fbf00000,0x00000000fbf00000,0x0000000100000000)
 ParOldGen       total 182272K, used 158548K [0x00000000a0000000, 0x00000000ab200000, 0x00000000e0000000)
  object space 182272K, 86% used [0x00000000a0000000,0x00000000a9ad5048,0x00000000ab200000)
 Metaspace       used 78069K, capacity 83942K, committed 84136K, reserved 1122304K
  class space    used 10377K, capacity 11640K, committed 11688K, reserved 1048576K
Event: 2049.011 GC heap after
Heap after GC invocations=19 (full 4):
 PSYoungGen      total 431104K, used 0K [0x00000000e0000000, 0x0000000100000000, 0x0000000100000000)
  eden space 392192K, 0% used [0x00000000e0000000,0x00000000e0000000,0x00000000f7f00000)
  from space 38912K, 0% used [0x00000000f7f00000,0x00000000f7f00000,0x00000000fa500000)
  to   space 66560K, 0% used [0x00000000fbf00000,0x00000000fbf00000,0x0000000100000000)
 ParOldGen       total 182272K, used 90503K [0x00000000a0000000, 0x00000000ab200000, 0x00000000e0000000)
  object space 182272K, 49% used [0x00000000a0000000,0x00000000a5861df8,0x00000000ab200000)
 Metaspace       used 77041K, capacity 81624K, committed 84136K, reserved 1122304K
  class space    used 10095K, capacity 11110K, committed 11688K, reserved 1048576K
}

