# JRE version: OpenJDK Runtime Environment (8.0_242-b01) (build 1.8.0_242-release-1644-b01)
# Java VM: OpenJDK 64-Bit Server VM (25.242-b01 mixed mode windows-amd64 compressed oops)
Heap:
 PSYoungGen      total 227840K, used 138117K [0x00000000e0000000, 0x00000000f0980000, 0x0000000100000000)
  eden space 222208K, 62% used [0x00000000e0000000,0x00000000e86e14a0,0x00000000ed900000)
  from space 5632K, 0% used [0x00000000f0400000,0x00000000f0400000,0x00000000f0980000)
  to   space 15360K, 0% used [0x00000000eeb80000,0x00000000eeb80000,0x00000000efa80000)
 ParOldGen       total 84992K, used 21087K [0x00000000a0000000, 0x00000000a5300000, 0x00000000e0000000)
  object space 84992K, 24% used [0x00000000a0000000,0x00000000a1497f68,0x00000000a5300000)
 Metaspace       used 46628K, capacity 47906K, committed 48168K, reserved 1091584K
  class space    used 6264K, capacity 6643K, committed 6696K, reserved 1048576K
GC Heap History (10 events):
Event: 8.986 GC heap before
{Heap before GC invocations=7 (full 1):
 PSYoungGen      total 106496K, used 106487K [0x00000000e0000000, 0x00000000eaf00000, 0x0000000100000000)
  eden space 98304K, 100% used [0x00000000e0000000,0x00000000e6000000,0x00000000e6000000)
  from space 8192K, 99% used [0x00000000e6000000,0x00000000e67fdd38,0x00000000e6800000)
  to   space 14336K, 0% used [0x00000000ea100000,0x00000000ea100000,0x00000000eaf00000)
 ParOldGen       total 84992K, used 13565K [0x00000000a0000000, 0x00000000a5300000, 0x00000000e0000000)
  object space 84992K, 15% used [0x00000000a0000000,0x00000000a0d3f7d0,0x00000000a5300000)
 Metaspace       used 34302K, capacity 35098K, committed 35120K, reserved 1079296K
  class space    used 4696K, capacity 4898K, committed 4912K, reserved 1048576K
Event: 9.000 GC heap after
Heap after GC invocations=7 (full 1):
 PSYoungGen      total 163328K, used 13257K [0x00000000e0000000, 0x00000000eb180000, 0x0000000100000000)
  eden space 148992K, 0% used [0x00000000e0000000,0x00000000e0000000,0x00000000e9180000)
  from space 14336K, 92% used [0x00000000ea100000,0x00000000eadf2650,0x00000000eaf00000)
  to   space 15872K, 0% used [0x00000000e9180000,0x00000000e9180000,0x00000000ea100000)
 ParOldGen       total 84992K, used 13573K [0x00000000a0000000, 0x00000000a5300000, 0x00000000e0000000)
  object space 84992K, 15% used [0x00000000a0000000,0x00000000a0d417d0,0x00000000a5300000)
 Metaspace       used 34302K, capacity 35098K, committed 35120K, reserved 1079296K
  class space    used 4696K, capacity 4898K, committed 4912K, reserved 1048576K
}
Event: 9.238 GC heap before
{Heap before GC invocations=8 (full 1):
 PSYoungGen      total 163328K, used 24186K [0x00000000e0000000, 0x00000000eb180000, 0x0000000100000000)
  eden space 148992K, 7% used [0x00000000e0000000,0x00000000e0aac1b8,0x00000000e9180000)
  from space 14336K, 92% used [0x00000000ea100000,0x00000000eadf2650,0x00000000eaf00000)
  to   space 15872K, 0% used [0x00000000e9180000,0x00000000e9180000,0x00000000ea100000)
 ParOldGen       total 84992K, used 13573K [0x00000000a0000000, 0x00000000a5300000, 0x00000000e0000000)
  object space 84992K, 15% used [0x00000000a0000000,0x00000000a0d417d0,0x00000000a5300000)
 Metaspace       used 34580K, capacity 35452K, committed 35496K, reserved 1079296K
  class space    used 4730K, capacity 4991K, committed 5032K, reserved 1048576K
Event: 9.251 GC heap after
Heap after GC invocations=8 (full 1):
 PSYoungGen      total 164864K, used 9874K [0x00000000e0000000, 0x00000000f1300000, 0x0000000100000000)
  eden space 148992K, 0% used [0x00000000e0000000,0x00000000e0000000,0x00000000e9180000)
  from space 15872K, 62% used [0x00000000e9180000,0x00000000e9b24b08,0x00000000ea100000)
  to   space 15360K, 0% used [0x00000000f0400000,0x00000000f0400000,0x00000000f1300000)
 ParOldGen       total 84992K, used 13581K [0x00000000a0000000, 0x00000000a5300000, 0x00000000e0000000)
  object space 84992K, 15% used [0x00000000a0000000,0x00000000a0d437d0,0x00000000a5300000)
 Metaspace       used 34580K, capacity 35452K, committed 35496K, reserved 1079296K
  class space    used 4730K, capacity 4991K, committed 5032K, reserved 1048576K
}
Event: 9.251 GC heap before
{Heap before GC invocations=9 (full 2):
 PSYoungGen      total 164864K, used 9874K [0x00000000e0000000, 0x00000000f1300000, 0x0000000100000000)
  eden space 148992K, 0% used [0x00000000e0000000,0x00000000e0000000,0x00000000e9180000)
  from space 15872K, 62% used [0x00000000e9180000,0x00000000e9b24b08,0x00000000ea100000)
  to   space 15360K, 0% used [0x00000000f0400000,0x00000000f0400000,0x00000000f1300000)
 ParOldGen       total 84992K, used 13581K [0x00000000a0000000, 0x00000000a5300000, 0x00000000e0000000)
  object space 84992K, 15% used [0x00000000a0000000,0x00000000a0d437d0,0x00000000a5300000)
 Metaspace       used 34580K, capacity 35452K, committed 35496K, reserved 1079296K
  class space    used 4730K, capacity 4991K, committed 5032K, reserved 1048576K
Event: 9.356 GC heap after
Heap after GC invocations=9 (full 2):
 PSYoungGen      total 164864K, used 0K [0x00000000e0000000, 0x00000000f1300000, 0x0000000100000000)
  eden space 148992K, 0% used [0x00000000e0000000,0x00000000e0000000,0x00000000e9180000)
  from space 15872K, 0% used [0x00000000e9180000,0x00000000e9180000,0x00000000ea100000)
  to   space 15360K, 0% used [0x00000000f0400000,0x00000000f0400000,0x00000000f1300000)
 ParOldGen       total 84992K, used 16759K [0x00000000a0000000, 0x00000000a5300000, 0x00000000e0000000)
  object space 84992K, 19% used [0x00000000a0000000,0x00000000a105dc10,0x00000000a5300000)
 Metaspace       used 34562K, capacity 35392K, committed 35496K, reserved 1079296K
  class space    used 4725K, capacity 4981K, committed 5032K, reserved 1048576K
}
Event: 10.048 GC heap before
{Heap before GC invocations=10 (full 2):
 PSYoungGen      total 164864K, used 39238K [0x00000000e0000000, 0x00000000f1300000, 0x0000000100000000)
  eden space 148992K, 26% used [0x00000000e0000000,0x00000000e2651ba0,0x00000000e9180000)
  from space 15872K, 0% used [0x00000000e9180000,0x00000000e9180000,0x00000000ea100000)
  to   space 15360K, 0% used [0x00000000f0400000,0x00000000f0400000,0x00000000f1300000)
 ParOldGen       total 84992K, used 16759K [0x00000000a0000000, 0x00000000a5300000, 0x00000000e0000000)
  object space 84992K, 19% used [0x00000000a0000000,0x00000000a105dc10,0x00000000a5300000)
 Metaspace       used 39959K, capacity 40808K, committed 41000K, reserved 1089536K
  class space    used 5357K, capacity 5632K, committed 5672K, reserved 1048576K
Event: 10.054 GC heap after
Heap after GC invocations=10 (full 2):
 PSYoungGen      total 227840K, used 5232K [0x00000000e0000000, 0x00000000f0980000, 0x0000000100000000)
  eden space 222208K, 0% used [0x00000000e0000000,0x00000000e0000000,0x00000000ed900000)
  from space 5632K, 92% used [0x00000000f0400000,0x00000000f091c3b8,0x00000000f0980000)
  to   space 15360K, 0% used [0x00000000eeb80000,0x00000000eeb80000,0x00000000efa80000)
 ParOldGen       total 84992K, used 16767K [0x00000000a0000000, 0x00000000a5300000, 0x00000000e0000000)
  object space 84992K, 19% used [0x00000000a0000000,0x00000000a105fc10,0x00000000a5300000)
 Metaspace       used 39959K, capacity 40808K, committed 41000K, reserved 1089536K
  class space    used 5357K, capacity 5632K, committed 5672K, reserved 1048576K
}
Event: 10.054 GC heap before
{Heap before GC invocations=11 (full 3):
 PSYoungGen      total 227840K, used 5232K [0x00000000e0000000, 0x00000000f0980000, 0x0000000100000000)
  eden space 222208K, 0% used [0x00000000e0000000,0x00000000e0000000,0x00000000ed900000)
  from space 5632K, 92% used [0x00000000f0400000,0x00000000f091c3b8,0x00000000f0980000)
  to   space 15360K, 0% used [0x00000000eeb80000,0x00000000eeb80000,0x00000000efa80000)
 ParOldGen       total 84992K, used 16767K [0x00000000a0000000, 0x00000000a5300000, 0x00000000e0000000)
  object space 84992K, 19% used [0x00000000a0000000,0x00000000a105fc10,0x00000000a5300000)
 Metaspace       used 39959K, capacity 40808K, committed 41000K, reserved 1089536K
  class space    used 5357K, capacity 5632K, committed 5672K, reserved 1048576K
Event: 10.378 GC heap after
Heap after GC invocations=11 (full 3):
 PSYoungGen      total 227840K, used 0K [0x00000000e0000000, 0x00000000f0980000, 0x0000000100000000)
  eden space 222208K, 0% used [0x00000000e0000000,0x00000000e0000000,0x00000000ed900000)
  from space 5632K, 0% used [0x00000000f0400000,0x00000000f0400000,0x00000000f0980000)
  to   space 15360K, 0% used [0x00000000eeb80000,0x00000000eeb80000,0x00000000efa80000)
 ParOldGen       total 84992K, used 21087K [0x00000000a0000000, 0x00000000a5300000, 0x00000000e0000000)
  object space 84992K, 24% used [0x00000000a0000000,0x00000000a1497f68,0x00000000a5300000)
 Metaspace       used 39959K, capacity 40808K, committed 41000K, reserved 1087488K
  class space    used 5357K, capacity 5632K, committed 5672K, reserved 1048576K
}

