# JRE version: OpenJDK Runtime Environment (8.0_242-b01) (build 1.8.0_242-release-1644-b01)
# Java VM: OpenJDK 64-Bit Server VM (25.242-b01 mixed mode windows-amd64 compressed oops)
Heap:
 PSYoungGen      total 178176K, used 67781K [0x00000000e0000000, 0x00000000edb80000, 0x0000000100000000)
  eden space 153600K, 29% used [0x00000000e0000000,0x00000000e2cf1338,0x00000000e9600000)
  from space 24576K, 88% used [0x00000000e9600000,0x00000000eab40450,0x00000000eae00000)
  to   space 22528K, 0% used [0x00000000eae00000,0x00000000eae00000,0x00000000ec400000)
 ParOldGen       total 205312K, used 38174K [0x00000000a0000000, 0x00000000ac880000, 0x00000000e0000000)
  object space 205312K, 18% used [0x00000000a0000000,0x00000000a2547a68,0x00000000ac880000)
 Metaspace       used 62955K, capacity 66182K, committed 66472K, reserved 1105920K
  class space    used 8632K, capacity 9531K, committed 9640K, reserved 1048576K
GC Heap History (10 events):
Event: 9.858 GC heap before
{Heap before GC invocations=12 (full 2):
 PSYoungGen      total 120832K, used 120298K [0x00000000e0000000, 0x00000000e9c00000, 0x0000000100000000)
  eden space 107008K, 100% used [0x00000000e0000000,0x00000000e6880000,0x00000000e6880000)
  from space 13824K, 96% used [0x00000000e6880000,0x00000000e757abd8,0x00000000e7600000)
  to   space 15360K, 0% used [0x00000000e8d00000,0x00000000e8d00000,0x00000000e9c00000)
 ParOldGen       total 144896K, used 17227K [0x00000000a0000000, 0x00000000a8d80000, 0x00000000e0000000)
  object space 144896K, 11% used [0x00000000a0000000,0x00000000a10d2c60,0x00000000a8d80000)
 Metaspace       used 50304K, capacity 51778K, committed 51880K, reserved 1093632K
  class space    used 6804K, capacity 7245K, committed 7336K, reserved 1048576K
Event: 9.877 GC heap after
Heap after GC invocations=12 (full 2):
 PSYoungGen      total 142336K, used 15350K [0x00000000e0000000, 0x00000000ea080000, 0x0000000100000000)
  eden space 126976K, 0% used [0x00000000e0000000,0x00000000e0000000,0x00000000e7c00000)
  from space 15360K, 99% used [0x00000000e8d00000,0x00000000e9bfd9a8,0x00000000e9c00000)
  to   space 17408K, 0% used [0x00000000e7c00000,0x00000000e7c00000,0x00000000e8d00000)
 ParOldGen       total 144896K, used 18544K [0x00000000a0000000, 0x00000000a8d80000, 0x00000000e0000000)
  object space 144896K, 12% used [0x00000000a0000000,0x00000000a121c358,0x00000000a8d80000)
 Metaspace       used 50304K, capacity 51778K, committed 51880K, reserved 1093632K
  class space    used 6804K, capacity 7245K, committed 7336K, reserved 1048576K
}
Event: 11.577 GC heap before
{Heap before GC invocations=13 (full 2):
 PSYoungGen      total 142336K, used 142326K [0x00000000e0000000, 0x00000000ea080000, 0x0000000100000000)
  eden space 126976K, 100% used [0x00000000e0000000,0x00000000e7c00000,0x00000000e7c00000)
  from space 15360K, 99% used [0x00000000e8d00000,0x00000000e9bfd9a8,0x00000000e9c00000)
  to   space 17408K, 0% used [0x00000000e7c00000,0x00000000e7c00000,0x00000000e8d00000)
 ParOldGen       total 144896K, used 18544K [0x00000000a0000000, 0x00000000a8d80000, 0x00000000e0000000)
  object space 144896K, 12% used [0x00000000a0000000,0x00000000a121c358,0x00000000a8d80000)
 Metaspace       used 56571K, capacity 58606K, committed 58664K, reserved 1099776K
  class space    used 7701K, capacity 8222K, committed 8232K, reserved 1048576K
Event: 11.608 GC heap after
Heap after GC invocations=13 (full 2):
 PSYoungGen      total 144384K, used 17403K [0x00000000e0000000, 0x00000000ec400000, 0x0000000100000000)
  eden space 126976K, 0% used [0x00000000e0000000,0x00000000e0000000,0x00000000e7c00000)
  from space 17408K, 99% used [0x00000000e7c00000,0x00000000e8cfed78,0x00000000e8d00000)
  to   space 22528K, 0% used [0x00000000eae00000,0x00000000eae00000,0x00000000ec400000)
 ParOldGen       total 144896K, used 25899K [0x00000000a0000000, 0x00000000a8d80000, 0x00000000e0000000)
  object space 144896K, 17% used [0x00000000a0000000,0x00000000a194aca0,0x00000000a8d80000)
 Metaspace       used 56571K, capacity 58606K, committed 58664K, reserved 1099776K
  class space    used 7701K, capacity 8222K, committed 8232K, reserved 1048576K
}
Event: 11.862 GC heap before
{Heap before GC invocations=14 (full 2):
 PSYoungGen      total 144384K, used 35117K [0x00000000e0000000, 0x00000000ec400000, 0x0000000100000000)
  eden space 126976K, 13% used [0x00000000e0000000,0x00000000e114c6d8,0x00000000e7c00000)
  from space 17408K, 99% used [0x00000000e7c00000,0x00000000e8cfed78,0x00000000e8d00000)
  to   space 22528K, 0% used [0x00000000eae00000,0x00000000eae00000,0x00000000ec400000)
 ParOldGen       total 144896K, used 25899K [0x00000000a0000000, 0x00000000a8d80000, 0x00000000e0000000)
  object space 144896K, 17% used [0x00000000a0000000,0x00000000a194aca0,0x00000000a8d80000)
 Metaspace       used 57115K, capacity 59116K, committed 59160K, reserved 1099776K
  class space    used 7787K, capacity 8342K, committed 8360K, reserved 1048576K
Event: 11.895 GC heap after
Heap after GC invocations=14 (full 2):
 PSYoungGen      total 176128K, used 19765K [0x00000000e0000000, 0x00000000edb80000, 0x0000000100000000)
  eden space 153600K, 0% used [0x00000000e0000000,0x00000000e0000000,0x00000000e9600000)
  from space 22528K, 87% used [0x00000000eae00000,0x00000000ec14d410,0x00000000ec400000)
  to   space 24576K, 0% used [0x00000000e9600000,0x00000000e9600000,0x00000000eae00000)
 ParOldGen       total 144896K, used 25907K [0x00000000a0000000, 0x00000000a8d80000, 0x00000000e0000000)
  object space 144896K, 17% used [0x00000000a0000000,0x00000000a194cca0,0x00000000a8d80000)
 Metaspace       used 57115K, capacity 59116K, committed 59160K, reserved 1099776K
  class space    used 7787K, capacity 8342K, committed 8360K, reserved 1048576K
}
Event: 11.895 GC heap before
{Heap before GC invocations=15 (full 3):
 PSYoungGen      total 176128K, used 19765K [0x00000000e0000000, 0x00000000edb80000, 0x0000000100000000)
  eden space 153600K, 0% used [0x00000000e0000000,0x00000000e0000000,0x00000000e9600000)
  from space 22528K, 87% used [0x00000000eae00000,0x00000000ec14d410,0x00000000ec400000)
  to   space 24576K, 0% used [0x00000000e9600000,0x00000000e9600000,0x00000000eae00000)
 ParOldGen       total 144896K, used 25907K [0x00000000a0000000, 0x00000000a8d80000, 0x00000000e0000000)
  object space 144896K, 17% used [0x00000000a0000000,0x00000000a194cca0,0x00000000a8d80000)
 Metaspace       used 57115K, capacity 59116K, committed 59160K, reserved 1099776K
  class space    used 7787K, capacity 8342K, committed 8360K, reserved 1048576K
Event: 12.288 GC heap after
Heap after GC invocations=15 (full 3):
 PSYoungGen      total 176128K, used 0K [0x00000000e0000000, 0x00000000edb80000, 0x0000000100000000)
  eden space 153600K, 0% used [0x00000000e0000000,0x00000000e0000000,0x00000000e9600000)
  from space 22528K, 0% used [0x00000000eae00000,0x00000000eae00000,0x00000000ec400000)
  to   space 24576K, 0% used [0x00000000e9600000,0x00000000e9600000,0x00000000eae00000)
 ParOldGen       total 205312K, used 38166K [0x00000000a0000000, 0x00000000ac880000, 0x00000000e0000000)
  object space 205312K, 18% used [0x00000000a0000000,0x00000000a2545a68,0x00000000ac880000)
 Metaspace       used 57115K, capacity 59116K, committed 59160K, reserved 1099776K
  class space    used 7787K, capacity 8342K, committed 8360K, reserved 1048576K
}
Event: 14.590 GC heap before
{Heap before GC invocations=16 (full 3):
 PSYoungGen      total 176128K, used 153600K [0x00000000e0000000, 0x00000000edb80000, 0x0000000100000000)
  eden space 153600K, 100% used [0x00000000e0000000,0x00000000e9600000,0x00000000e9600000)
  from space 22528K, 0% used [0x00000000eae00000,0x00000000eae00000,0x00000000ec400000)
  to   space 24576K, 0% used [0x00000000e9600000,0x00000000e9600000,0x00000000eae00000)
 ParOldGen       total 205312K, used 38166K [0x00000000a0000000, 0x00000000ac880000, 0x00000000e0000000)
  object space 205312K, 18% used [0x00000000a0000000,0x00000000a2545a68,0x00000000ac880000)
 Metaspace       used 62160K, capacity 65310K, committed 65576K, reserved 1105920K
  class space    used 8534K, capacity 9434K, committed 9512K, reserved 1048576K
Event: 14.609 GC heap after
Heap after GC invocations=16 (full 3):
 PSYoungGen      total 178176K, used 21761K [0x00000000e0000000, 0x00000000edb80000, 0x0000000100000000)
  eden space 153600K, 0% used [0x00000000e0000000,0x00000000e0000000,0x00000000e9600000)
  from space 24576K, 88% used [0x00000000e9600000,0x00000000eab40450,0x00000000eae00000)
  to   space 22528K, 0% used [0x00000000eae00000,0x00000000eae00000,0x00000000ec400000)
 ParOldGen       total 205312K, used 38174K [0x00000000a0000000, 0x00000000ac880000, 0x00000000e0000000)
  object space 205312K, 18% used [0x00000000a0000000,0x00000000a2547a68,0x00000000ac880000)
 Metaspace       used 62160K, capacity 65310K, committed 65576K, reserved 1105920K
  class space    used 8534K, capacity 9434K, committed 9512K, reserved 1048576K
}

